2020-10-26 15:14:47.087 logback [main] INFO  c.example.demo.EcommerceApplication - Starting EcommerceApplication on dell-paula with PID 41391 (started by paula in /home/paula/Documents/Java/Udacity/securityAndDevOps/Project/Ecommerce-Aplication---Udacity)
2020-10-26 15:14:47.104 logback [main] INFO  c.example.demo.EcommerceApplication - No active profile set, falling back to default profiles: default
2020-10-26 15:14:49.866 logback [main] INFO  o.s.d.r.c.RepositoryConfigurationDelegate - Bootstrapping Spring Data repositories in DEFAULT mode.
2020-10-26 15:14:50.131 logback [main] INFO  o.s.d.r.c.RepositoryConfigurationDelegate - Finished Spring Data repository scanning in 235ms. Found 4 repository interfaces.
2020-10-26 15:14:51.356 logback [main] INFO  o.s.c.s.PostProcessorRegistrationDelegate$BeanPostProcessorChecker - Bean 'org.springframework.transaction.annotation.ProxyTransactionManagementConfiguration' of type [org.springframework.transaction.annotation.ProxyTransactionManagementConfiguration$$EnhancerBySpringCGLIB$$fc907670] is not eligible for getting processed by all BeanPostProcessors (for example: not eligible for auto-proxying)
2020-10-26 15:14:51.985 logback [main] INFO  o.s.b.w.e.tomcat.TomcatWebServer - Tomcat initialized with port(s): 8080 (http)
2020-10-26 15:14:52.021 logback [main] INFO  o.a.coyote.http11.Http11NioProtocol - Initializing ProtocolHandler ["http-nio-8080"]
2020-10-26 15:14:52.066 logback [main] INFO  o.a.catalina.core.StandardService - Starting service [Tomcat]
2020-10-26 15:14:52.067 logback [main] INFO  o.a.catalina.core.StandardEngine - Starting Servlet engine: [Apache Tomcat/9.0.19]
2020-10-26 15:14:52.356 logback [main] INFO  o.a.c.c.C.[Tomcat].[localhost].[/] - Initializing Spring embedded WebApplicationContext
2020-10-26 15:14:52.357 logback [main] INFO  o.s.web.context.ContextLoader - Root WebApplicationContext: initialization completed in 5024 ms
2020-10-26 15:14:52.791 logback [main] INFO  com.zaxxer.hikari.HikariDataSource - HikariPool-1 - Starting...
2020-10-26 15:14:53.142 logback [main] INFO  com.zaxxer.hikari.HikariDataSource - HikariPool-1 - Start completed.
2020-10-26 15:14:53.270 logback [main] INFO  o.h.jpa.internal.util.LogHelper - HHH000204: Processing PersistenceUnitInfo [
	name: default
	...]
2020-10-26 15:14:53.400 logback [main] INFO  org.hibernate.Version - HHH000412: Hibernate Core {5.3.10.Final}
2020-10-26 15:14:53.403 logback [main] INFO  org.hibernate.cfg.Environment - HHH000206: hibernate.properties not found
2020-10-26 15:14:53.701 logback [main] INFO  o.h.annotations.common.Version - HCANN000001: Hibernate Commons Annotations {5.0.4.Final}
2020-10-26 15:14:53.899 logback [main] INFO  org.hibernate.dialect.Dialect - HHH000400: Using dialect: org.hibernate.dialect.H2Dialect
2020-10-26 15:14:55.327 logback [main] INFO  o.s.o.j.LocalContainerEntityManagerFactoryBean - Initialized JPA EntityManagerFactory for persistence unit 'default'
2020-10-26 15:14:57.942 logback [main] INFO  o.s.s.c.ThreadPoolTaskExecutor - Initializing ExecutorService 'applicationTaskExecutor'
2020-10-26 15:14:58.018 logback [main] WARN  o.s.b.a.o.j.JpaBaseConfiguration$JpaWebConfiguration$JpaWebMvcConfiguration - spring.jpa.open-in-view is enabled by default. Therefore, database queries may be performed during view rendering. Explicitly configure spring.jpa.open-in-view to disable this warning
2020-10-26 15:14:58.428 logback [main] INFO  o.a.coyote.http11.Http11NioProtocol - Starting ProtocolHandler ["http-nio-8080"]
2020-10-26 15:14:58.491 logback [main] INFO  o.s.b.w.e.tomcat.TomcatWebServer - Tomcat started on port(s): 8080 (http) with context path ''
2020-10-26 15:14:58.501 logback [main] INFO  c.example.demo.EcommerceApplication - Started EcommerceApplication in 13.174 seconds (JVM running for 14.505)
2020-10-26 15:21:41.777 logback [Thread-3] INFO  o.s.s.c.ThreadPoolTaskExecutor - Shutting down ExecutorService 'applicationTaskExecutor'
2020-10-26 15:21:41.782 logback [Thread-3] INFO  o.s.o.j.LocalContainerEntityManagerFactoryBean - Closing JPA EntityManagerFactory for persistence unit 'default'
2020-10-26 15:21:41.787 logback [Thread-3] INFO  com.zaxxer.hikari.HikariDataSource - HikariPool-1 - Shutdown initiated...
2020-10-26 15:21:41.794 logback [Thread-3] INFO  com.zaxxer.hikari.HikariDataSource - HikariPool-1 - Shutdown completed.
2020-10-26 15:21:47.236 logback [background-preinit] DEBUG o.h.v.m.ResourceBundleMessageInterpolator - Loaded expression factory via original TCCL
2020-10-26 15:21:47.819 logback [main] INFO  c.example.demo.EcommerceApplication - Starting EcommerceApplication on dell-paula with PID 42310 (started by paula in /home/paula/Documents/Java/Udacity/securityAndDevOps/Project/Ecommerce-Aplication---Udacity)
2020-10-26 15:21:47.830 logback [main] INFO  c.example.demo.EcommerceApplication - No active profile set, falling back to default profiles: default
2020-10-26 15:21:49.974 logback [main] INFO  o.s.d.r.c.RepositoryConfigurationDelegate - Bootstrapping Spring Data repositories in DEFAULT mode.
2020-10-26 15:21:50.143 logback [main] INFO  o.s.d.r.c.RepositoryConfigurationDelegate - Finished Spring Data repository scanning in 151ms. Found 4 repository interfaces.
2020-10-26 15:21:51.407 logback [main] INFO  o.s.c.s.PostProcessorRegistrationDelegate$BeanPostProcessorChecker - Bean 'org.springframework.transaction.annotation.ProxyTransactionManagementConfiguration' of type [org.springframework.transaction.annotation.ProxyTransactionManagementConfiguration$$EnhancerBySpringCGLIB$$19776d64] is not eligible for getting processed by all BeanPostProcessors (for example: not eligible for auto-proxying)
2020-10-26 15:21:52.110 logback [main] INFO  o.s.b.w.e.tomcat.TomcatWebServer - Tomcat initialized with port(s): 8080 (http)
2020-10-26 15:21:52.146 logback [main] INFO  o.a.coyote.http11.Http11NioProtocol - Initializing ProtocolHandler ["http-nio-8080"]
2020-10-26 15:21:52.190 logback [main] INFO  o.a.catalina.core.StandardService - Starting service [Tomcat]
2020-10-26 15:21:52.191 logback [main] INFO  o.a.catalina.core.StandardEngine - Starting Servlet engine: [Apache Tomcat/9.0.19]
2020-10-26 15:21:52.511 logback [main] INFO  o.a.c.c.C.[Tomcat].[localhost].[/] - Initializing Spring embedded WebApplicationContext
2020-10-26 15:21:52.512 logback [main] INFO  o.s.web.context.ContextLoader - Root WebApplicationContext: initialization completed in 4414 ms
2020-10-26 15:21:52.917 logback [main] INFO  com.zaxxer.hikari.HikariDataSource - HikariPool-1 - Starting...
2020-10-26 15:21:53.285 logback [main] INFO  com.zaxxer.hikari.HikariDataSource - HikariPool-1 - Start completed.
2020-10-26 15:21:53.399 logback [main] INFO  o.h.jpa.internal.util.LogHelper - HHH000204: Processing PersistenceUnitInfo [
	name: default
	...]
2020-10-26 15:21:53.517 logback [main] INFO  org.hibernate.Version - HHH000412: Hibernate Core {5.3.10.Final}
2020-10-26 15:21:53.520 logback [main] INFO  org.hibernate.cfg.Environment - HHH000206: hibernate.properties not found
2020-10-26 15:21:53.741 logback [main] INFO  o.h.annotations.common.Version - HCANN000001: Hibernate Commons Annotations {5.0.4.Final}
2020-10-26 15:21:53.961 logback [main] INFO  org.hibernate.dialect.Dialect - HHH000400: Using dialect: org.hibernate.dialect.H2Dialect
2020-10-26 15:21:55.580 logback [main] INFO  o.s.o.j.LocalContainerEntityManagerFactoryBean - Initialized JPA EntityManagerFactory for persistence unit 'default'
2020-10-26 15:21:55.632 logback [main] WARN  o.s.b.w.s.c.AnnotationConfigServletWebServerApplicationContext - Exception encountered during context initialization - cancelling refresh attempt: org.springframework.beans.factory.UnsatisfiedDependencyException: Error creating bean with name 'cartController': Unsatisfied dependency expressed through field 'tcpInput'; nested exception is org.springframework.beans.factory.NoSuchBeanDefinitionException: No qualifying bean of type 'com.splunk.TcpInput' available: expected at least 1 bean which qualifies as autowire candidate. Dependency annotations: {@org.springframework.beans.factory.annotation.Autowired(required=true)}
2020-10-26 15:21:55.632 logback [main] INFO  o.s.o.j.LocalContainerEntityManagerFactoryBean - Closing JPA EntityManagerFactory for persistence unit 'default'
2020-10-26 15:21:55.638 logback [main] INFO  com.zaxxer.hikari.HikariDataSource - HikariPool-1 - Shutdown initiated...
2020-10-26 15:21:55.644 logback [main] INFO  com.zaxxer.hikari.HikariDataSource - HikariPool-1 - Shutdown completed.
2020-10-26 15:21:55.648 logback [main] INFO  o.a.catalina.core.StandardService - Stopping service [Tomcat]
2020-10-26 15:21:55.673 logback [main] INFO  o.s.b.a.l.ConditionEvaluationReportLoggingListener - 

Error starting ApplicationContext. To display the conditions report re-run your application with 'debug' enabled.
2020-10-26 15:21:55.988 logback [main] ERROR o.s.b.d.LoggingFailureAnalysisReporter - 

***************************
APPLICATION FAILED TO START
***************************

Description:

Field tcpInput in com.example.demo.controllers.CartController required a bean of type 'com.splunk.TcpInput' that could not be found.

The injection point has the following annotations:
	- @org.springframework.beans.factory.annotation.Autowired(required=true)


Action:

Consider defining a bean of type 'com.splunk.TcpInput' in your configuration.

2020-10-26 15:22:57.540 logback [main] INFO  c.example.demo.EcommerceApplication - Starting EcommerceApplication on dell-paula with PID 42489 (started by paula in /home/paula/Documents/Java/Udacity/securityAndDevOps/Project/Ecommerce-Aplication---Udacity)
2020-10-26 15:22:57.553 logback [main] INFO  c.example.demo.EcommerceApplication - No active profile set, falling back to default profiles: default
2020-10-26 15:22:59.898 logback [main] INFO  o.s.d.r.c.RepositoryConfigurationDelegate - Bootstrapping Spring Data repositories in DEFAULT mode.
2020-10-26 15:23:00.054 logback [main] INFO  o.s.d.r.c.RepositoryConfigurationDelegate - Finished Spring Data repository scanning in 138ms. Found 4 repository interfaces.
2020-10-26 15:23:01.308 logback [main] INFO  o.s.c.s.PostProcessorRegistrationDelegate$BeanPostProcessorChecker - Bean 'org.springframework.transaction.annotation.ProxyTransactionManagementConfiguration' of type [org.springframework.transaction.annotation.ProxyTransactionManagementConfiguration$$EnhancerBySpringCGLIB$$be81004] is not eligible for getting processed by all BeanPostProcessors (for example: not eligible for auto-proxying)
2020-10-26 15:23:02.018 logback [main] INFO  o.s.b.w.e.tomcat.TomcatWebServer - Tomcat initialized with port(s): 8080 (http)
2020-10-26 15:23:02.058 logback [main] INFO  o.a.coyote.http11.Http11NioProtocol - Initializing ProtocolHandler ["http-nio-8080"]
2020-10-26 15:23:02.104 logback [main] INFO  o.a.catalina.core.StandardService - Starting service [Tomcat]
2020-10-26 15:23:02.105 logback [main] INFO  o.a.catalina.core.StandardEngine - Starting Servlet engine: [Apache Tomcat/9.0.19]
2020-10-26 15:23:02.424 logback [main] INFO  o.a.c.c.C.[Tomcat].[localhost].[/] - Initializing Spring embedded WebApplicationContext
2020-10-26 15:23:02.425 logback [main] INFO  o.s.web.context.ContextLoader - Root WebApplicationContext: initialization completed in 4702 ms
2020-10-26 15:23:02.872 logback [main] INFO  com.zaxxer.hikari.HikariDataSource - HikariPool-1 - Starting...
2020-10-26 15:23:03.265 logback [main] INFO  com.zaxxer.hikari.HikariDataSource - HikariPool-1 - Start completed.
2020-10-26 15:23:03.394 logback [main] INFO  o.h.jpa.internal.util.LogHelper - HHH000204: Processing PersistenceUnitInfo [
	name: default
	...]
2020-10-26 15:23:03.524 logback [main] INFO  org.hibernate.Version - HHH000412: Hibernate Core {5.3.10.Final}
2020-10-26 15:23:03.528 logback [main] INFO  org.hibernate.cfg.Environment - HHH000206: hibernate.properties not found
2020-10-26 15:23:03.813 logback [main] INFO  o.h.annotations.common.Version - HCANN000001: Hibernate Commons Annotations {5.0.4.Final}
2020-10-26 15:23:04.078 logback [main] INFO  org.hibernate.dialect.Dialect - HHH000400: Using dialect: org.hibernate.dialect.H2Dialect
2020-10-26 15:23:05.839 logback [main] INFO  o.s.o.j.LocalContainerEntityManagerFactoryBean - Initialized JPA EntityManagerFactory for persistence unit 'default'
2020-10-26 15:23:08.300 logback [main] WARN  o.s.b.w.s.c.AnnotationConfigServletWebServerApplicationContext - Exception encountered during context initialization - cancelling refresh attempt: org.springframework.beans.factory.BeanCreationException: Error creating bean with name 'splunkService' defined in com.example.demo.EcommerceApplication: Bean instantiation via factory method failed; nested exception is org.springframework.beans.BeanInstantiationException: Failed to instantiate [org.slf4j.Logger]: Factory method 'splunkService' threw exception; nested exception is java.lang.ClassCastException: class com.splunk.TcpInput cannot be cast to class org.slf4j.Logger (com.splunk.TcpInput and org.slf4j.Logger are in unnamed module of loader 'app')
2020-10-26 15:23:08.303 logback [main] INFO  o.s.o.j.LocalContainerEntityManagerFactoryBean - Closing JPA EntityManagerFactory for persistence unit 'default'
2020-10-26 15:23:08.310 logback [main] INFO  com.zaxxer.hikari.HikariDataSource - HikariPool-1 - Shutdown initiated...
2020-10-26 15:23:08.328 logback [main] INFO  com.zaxxer.hikari.HikariDataSource - HikariPool-1 - Shutdown completed.
2020-10-26 15:23:08.336 logback [main] INFO  o.a.catalina.core.StandardService - Stopping service [Tomcat]
2020-10-26 15:23:08.392 logback [main] INFO  o.s.b.a.l.ConditionEvaluationReportLoggingListener - 

Error starting ApplicationContext. To display the conditions report re-run your application with 'debug' enabled.
2020-10-26 15:23:08.401 logback [main] ERROR o.s.boot.SpringApplication - Application run failed
org.springframework.beans.factory.BeanCreationException: Error creating bean with name 'splunkService' defined in com.example.demo.EcommerceApplication: Bean instantiation via factory method failed; nested exception is org.springframework.beans.BeanInstantiationException: Failed to instantiate [org.slf4j.Logger]: Factory method 'splunkService' threw exception; nested exception is java.lang.ClassCastException: class com.splunk.TcpInput cannot be cast to class org.slf4j.Logger (com.splunk.TcpInput and org.slf4j.Logger are in unnamed module of loader 'app')
	at org.springframework.beans.factory.support.ConstructorResolver.instantiate(ConstructorResolver.java:627)
	at org.springframework.beans.factory.support.ConstructorResolver.instantiateUsingFactoryMethod(ConstructorResolver.java:456)
	at org.springframework.beans.factory.support.AbstractAutowireCapableBeanFactory.instantiateUsingFactoryMethod(AbstractAutowireCapableBeanFactory.java:1321)
	at org.springframework.beans.factory.support.AbstractAutowireCapableBeanFactory.createBeanInstance(AbstractAutowireCapableBeanFactory.java:1160)
	at org.springframework.beans.factory.support.AbstractAutowireCapableBeanFactory.doCreateBean(AbstractAutowireCapableBeanFactory.java:555)
	at org.springframework.beans.factory.support.AbstractAutowireCapableBeanFactory.createBean(AbstractAutowireCapableBeanFactory.java:515)
	at org.springframework.beans.factory.support.AbstractBeanFactory.lambda$doGetBean$0(AbstractBeanFactory.java:320)
	at org.springframework.beans.factory.support.DefaultSingletonBeanRegistry.getSingleton(DefaultSingletonBeanRegistry.java:222)
	at org.springframework.beans.factory.support.AbstractBeanFactory.doGetBean(AbstractBeanFactory.java:318)
	at org.springframework.beans.factory.support.AbstractBeanFactory.getBean(AbstractBeanFactory.java:199)
	at org.springframework.beans.factory.support.DefaultListableBeanFactory.preInstantiateSingletons(DefaultListableBeanFactory.java:843)
	at org.springframework.context.support.AbstractApplicationContext.finishBeanFactoryInitialization(AbstractApplicationContext.java:877)
	at org.springframework.context.support.AbstractApplicationContext.refresh(AbstractApplicationContext.java:549)
	at org.springframework.boot.web.servlet.context.ServletWebServerApplicationContext.refresh(ServletWebServerApplicationContext.java:142)
	at org.springframework.boot.SpringApplication.refresh(SpringApplication.java:775)
	at org.springframework.boot.SpringApplication.refreshContext(SpringApplication.java:397)
	at org.springframework.boot.SpringApplication.run(SpringApplication.java:316)
	at org.springframework.boot.SpringApplication.run(SpringApplication.java:1260)
	at org.springframework.boot.SpringApplication.run(SpringApplication.java:1248)
	at com.example.demo.EcommerceApplication.main(EcommerceApplication.java:66)
Caused by: org.springframework.beans.BeanInstantiationException: Failed to instantiate [org.slf4j.Logger]: Factory method 'splunkService' threw exception; nested exception is java.lang.ClassCastException: class com.splunk.TcpInput cannot be cast to class org.slf4j.Logger (com.splunk.TcpInput and org.slf4j.Logger are in unnamed module of loader 'app')
	at org.springframework.beans.factory.support.SimpleInstantiationStrategy.instantiate(SimpleInstantiationStrategy.java:185)
	at org.springframework.beans.factory.support.ConstructorResolver.instantiate(ConstructorResolver.java:622)
	... 19 common frames omitted
Caused by: java.lang.ClassCastException: class com.splunk.TcpInput cannot be cast to class org.slf4j.Logger (com.splunk.TcpInput and org.slf4j.Logger are in unnamed module of loader 'app')
	at com.example.demo.EcommerceApplication.splunkService(EcommerceApplication.java:62)
	at com.example.demo.EcommerceApplication$$EnhancerBySpringCGLIB$$15e1fc33.CGLIB$splunkService$1(<generated>)
	at com.example.demo.EcommerceApplication$$EnhancerBySpringCGLIB$$15e1fc33$$FastClassBySpringCGLIB$$dc2c455c.invoke(<generated>)
	at org.springframework.cglib.proxy.MethodProxy.invokeSuper(MethodProxy.java:244)
	at org.springframework.context.annotation.ConfigurationClassEnhancer$BeanMethodInterceptor.intercept(ConfigurationClassEnhancer.java:363)
	at com.example.demo.EcommerceApplication$$EnhancerBySpringCGLIB$$15e1fc33.splunkService(<generated>)
	at java.base/jdk.internal.reflect.NativeMethodAccessorImpl.invoke0(Native Method)
	at java.base/jdk.internal.reflect.NativeMethodAccessorImpl.invoke(NativeMethodAccessorImpl.java:62)
	at java.base/jdk.internal.reflect.DelegatingMethodAccessorImpl.invoke(DelegatingMethodAccessorImpl.java:43)
	at java.base/java.lang.reflect.Method.invoke(Method.java:564)
	at org.springframework.beans.factory.support.SimpleInstantiationStrategy.instantiate(SimpleInstantiationStrategy.java:154)
	... 20 common frames omitted
2020-10-26 15:25:44.298 logback [main] INFO  c.example.demo.EcommerceApplication - Starting EcommerceApplication on dell-paula with PID 42778 (started by paula in /home/paula/Documents/Java/Udacity/securityAndDevOps/Project/Ecommerce-Aplication---Udacity)
2020-10-26 15:25:44.338 logback [main] INFO  c.example.demo.EcommerceApplication - No active profile set, falling back to default profiles: default
2020-10-26 15:25:46.544 logback [main] INFO  o.s.d.r.c.RepositoryConfigurationDelegate - Bootstrapping Spring Data repositories in DEFAULT mode.
2020-10-26 15:25:46.696 logback [main] INFO  o.s.d.r.c.RepositoryConfigurationDelegate - Finished Spring Data repository scanning in 138ms. Found 4 repository interfaces.
2020-10-26 15:25:47.945 logback [main] INFO  o.s.c.s.PostProcessorRegistrationDelegate$BeanPostProcessorChecker - Bean 'org.springframework.transaction.annotation.ProxyTransactionManagementConfiguration' of type [org.springframework.transaction.annotation.ProxyTransactionManagementConfiguration$$EnhancerBySpringCGLIB$$ec434066] is not eligible for getting processed by all BeanPostProcessors (for example: not eligible for auto-proxying)
2020-10-26 15:25:48.648 logback [main] INFO  o.s.b.w.e.tomcat.TomcatWebServer - Tomcat initialized with port(s): 8080 (http)
2020-10-26 15:25:48.678 logback [main] INFO  o.a.coyote.http11.Http11NioProtocol - Initializing ProtocolHandler ["http-nio-8080"]
2020-10-26 15:25:48.719 logback [main] INFO  o.a.catalina.core.StandardService - Starting service [Tomcat]
2020-10-26 15:25:48.720 logback [main] INFO  o.a.catalina.core.StandardEngine - Starting Servlet engine: [Apache Tomcat/9.0.19]
2020-10-26 15:25:49.034 logback [main] INFO  o.a.c.c.C.[Tomcat].[localhost].[/] - Initializing Spring embedded WebApplicationContext
2020-10-26 15:25:49.035 logback [main] INFO  o.s.web.context.ContextLoader - Root WebApplicationContext: initialization completed in 4367 ms
2020-10-26 15:25:49.469 logback [main] INFO  com.zaxxer.hikari.HikariDataSource - HikariPool-1 - Starting...
2020-10-26 15:25:49.859 logback [main] INFO  com.zaxxer.hikari.HikariDataSource - HikariPool-1 - Start completed.
2020-10-26 15:25:49.991 logback [main] INFO  o.h.jpa.internal.util.LogHelper - HHH000204: Processing PersistenceUnitInfo [
	name: default
	...]
2020-10-26 15:25:50.125 logback [main] INFO  org.hibernate.Version - HHH000412: Hibernate Core {5.3.10.Final}
2020-10-26 15:25:50.129 logback [main] INFO  org.hibernate.cfg.Environment - HHH000206: hibernate.properties not found
2020-10-26 15:25:50.407 logback [main] INFO  o.h.annotations.common.Version - HCANN000001: Hibernate Commons Annotations {5.0.4.Final}
2020-10-26 15:25:50.647 logback [main] INFO  org.hibernate.dialect.Dialect - HHH000400: Using dialect: org.hibernate.dialect.H2Dialect
2020-10-26 15:25:52.394 logback [main] INFO  o.s.o.j.LocalContainerEntityManagerFactoryBean - Initialized JPA EntityManagerFactory for persistence unit 'default'
2020-10-26 15:25:55.005 logback [main] WARN  o.s.b.w.s.c.AnnotationConfigServletWebServerApplicationContext - Exception encountered during context initialization - cancelling refresh attempt: org.springframework.beans.factory.BeanCreationException: Error creating bean with name 'splunkService' defined in com.example.demo.EcommerceApplication: Bean instantiation via factory method failed; nested exception is org.springframework.beans.BeanInstantiationException: Failed to instantiate [com.splunk.TcpSplunkInput]: Factory method 'splunkService' threw exception; nested exception is java.lang.ClassCastException: class com.splunk.TcpInput cannot be cast to class com.splunk.TcpSplunkInput (com.splunk.TcpInput and com.splunk.TcpSplunkInput are in unnamed module of loader 'app')
2020-10-26 15:25:55.010 logback [main] INFO  o.s.o.j.LocalContainerEntityManagerFactoryBean - Closing JPA EntityManagerFactory for persistence unit 'default'
2020-10-26 15:25:55.019 logback [main] INFO  com.zaxxer.hikari.HikariDataSource - HikariPool-1 - Shutdown initiated...
2020-10-26 15:25:55.028 logback [main] INFO  com.zaxxer.hikari.HikariDataSource - HikariPool-1 - Shutdown completed.
2020-10-26 15:25:55.045 logback [main] INFO  o.a.catalina.core.StandardService - Stopping service [Tomcat]
2020-10-26 15:25:55.088 logback [main] INFO  o.s.b.a.l.ConditionEvaluationReportLoggingListener - 

Error starting ApplicationContext. To display the conditions report re-run your application with 'debug' enabled.
2020-10-26 15:25:55.094 logback [main] ERROR o.s.boot.SpringApplication - Application run failed
org.springframework.beans.factory.BeanCreationException: Error creating bean with name 'splunkService' defined in com.example.demo.EcommerceApplication: Bean instantiation via factory method failed; nested exception is org.springframework.beans.BeanInstantiationException: Failed to instantiate [com.splunk.TcpSplunkInput]: Factory method 'splunkService' threw exception; nested exception is java.lang.ClassCastException: class com.splunk.TcpInput cannot be cast to class com.splunk.TcpSplunkInput (com.splunk.TcpInput and com.splunk.TcpSplunkInput are in unnamed module of loader 'app')
	at org.springframework.beans.factory.support.ConstructorResolver.instantiate(ConstructorResolver.java:627)
	at org.springframework.beans.factory.support.ConstructorResolver.instantiateUsingFactoryMethod(ConstructorResolver.java:456)
	at org.springframework.beans.factory.support.AbstractAutowireCapableBeanFactory.instantiateUsingFactoryMethod(AbstractAutowireCapableBeanFactory.java:1321)
	at org.springframework.beans.factory.support.AbstractAutowireCapableBeanFactory.createBeanInstance(AbstractAutowireCapableBeanFactory.java:1160)
	at org.springframework.beans.factory.support.AbstractAutowireCapableBeanFactory.doCreateBean(AbstractAutowireCapableBeanFactory.java:555)
	at org.springframework.beans.factory.support.AbstractAutowireCapableBeanFactory.createBean(AbstractAutowireCapableBeanFactory.java:515)
	at org.springframework.beans.factory.support.AbstractBeanFactory.lambda$doGetBean$0(AbstractBeanFactory.java:320)
	at org.springframework.beans.factory.support.DefaultSingletonBeanRegistry.getSingleton(DefaultSingletonBeanRegistry.java:222)
	at org.springframework.beans.factory.support.AbstractBeanFactory.doGetBean(AbstractBeanFactory.java:318)
	at org.springframework.beans.factory.support.AbstractBeanFactory.getBean(AbstractBeanFactory.java:199)
	at org.springframework.beans.factory.support.DefaultListableBeanFactory.preInstantiateSingletons(DefaultListableBeanFactory.java:843)
	at org.springframework.context.support.AbstractApplicationContext.finishBeanFactoryInitialization(AbstractApplicationContext.java:877)
	at org.springframework.context.support.AbstractApplicationContext.refresh(AbstractApplicationContext.java:549)
	at org.springframework.boot.web.servlet.context.ServletWebServerApplicationContext.refresh(ServletWebServerApplicationContext.java:142)
	at org.springframework.boot.SpringApplication.refresh(SpringApplication.java:775)
	at org.springframework.boot.SpringApplication.refreshContext(SpringApplication.java:397)
	at org.springframework.boot.SpringApplication.run(SpringApplication.java:316)
	at org.springframework.boot.SpringApplication.run(SpringApplication.java:1260)
	at org.springframework.boot.SpringApplication.run(SpringApplication.java:1248)
	at com.example.demo.EcommerceApplication.main(EcommerceApplication.java:62)
Caused by: org.springframework.beans.BeanInstantiationException: Failed to instantiate [com.splunk.TcpSplunkInput]: Factory method 'splunkService' threw exception; nested exception is java.lang.ClassCastException: class com.splunk.TcpInput cannot be cast to class com.splunk.TcpSplunkInput (com.splunk.TcpInput and com.splunk.TcpSplunkInput are in unnamed module of loader 'app')
	at org.springframework.beans.factory.support.SimpleInstantiationStrategy.instantiate(SimpleInstantiationStrategy.java:185)
	at org.springframework.beans.factory.support.ConstructorResolver.instantiate(ConstructorResolver.java:622)
	... 19 common frames omitted
Caused by: java.lang.ClassCastException: class com.splunk.TcpInput cannot be cast to class com.splunk.TcpSplunkInput (com.splunk.TcpInput and com.splunk.TcpSplunkInput are in unnamed module of loader 'app')
	at com.example.demo.EcommerceApplication.splunkService(EcommerceApplication.java:58)
	at com.example.demo.EcommerceApplication$$EnhancerBySpringCGLIB$$f63d2c95.CGLIB$splunkService$1(<generated>)
	at com.example.demo.EcommerceApplication$$EnhancerBySpringCGLIB$$f63d2c95$$FastClassBySpringCGLIB$$401587dd.invoke(<generated>)
	at org.springframework.cglib.proxy.MethodProxy.invokeSuper(MethodProxy.java:244)
	at org.springframework.context.annotation.ConfigurationClassEnhancer$BeanMethodInterceptor.intercept(ConfigurationClassEnhancer.java:363)
	at com.example.demo.EcommerceApplication$$EnhancerBySpringCGLIB$$f63d2c95.splunkService(<generated>)
	at java.base/jdk.internal.reflect.NativeMethodAccessorImpl.invoke0(Native Method)
	at java.base/jdk.internal.reflect.NativeMethodAccessorImpl.invoke(NativeMethodAccessorImpl.java:62)
	at java.base/jdk.internal.reflect.DelegatingMethodAccessorImpl.invoke(DelegatingMethodAccessorImpl.java:43)
	at java.base/java.lang.reflect.Method.invoke(Method.java:564)
	at org.springframework.beans.factory.support.SimpleInstantiationStrategy.instantiate(SimpleInstantiationStrategy.java:154)
	... 20 common frames omitted
2020-10-26 15:26:24.719 logback [main] INFO  c.example.demo.EcommerceApplication - Starting EcommerceApplication on dell-paula with PID 42924 (started by paula in /home/paula/Documents/Java/Udacity/securityAndDevOps/Project/Ecommerce-Aplication---Udacity)
2020-10-26 15:26:24.726 logback [main] INFO  c.example.demo.EcommerceApplication - No active profile set, falling back to default profiles: default
2020-10-26 15:26:27.101 logback [main] INFO  o.s.d.r.c.RepositoryConfigurationDelegate - Bootstrapping Spring Data repositories in DEFAULT mode.
2020-10-26 15:26:27.260 logback [main] INFO  o.s.d.r.c.RepositoryConfigurationDelegate - Finished Spring Data repository scanning in 143ms. Found 4 repository interfaces.
2020-10-26 15:26:28.456 logback [main] INFO  o.s.c.s.PostProcessorRegistrationDelegate$BeanPostProcessorChecker - Bean 'org.springframework.transaction.annotation.ProxyTransactionManagementConfiguration' of type [org.springframework.transaction.annotation.ProxyTransactionManagementConfiguration$$EnhancerBySpringCGLIB$$f77a3a90] is not eligible for getting processed by all BeanPostProcessors (for example: not eligible for auto-proxying)
2020-10-26 15:26:29.166 logback [main] INFO  o.s.b.w.e.tomcat.TomcatWebServer - Tomcat initialized with port(s): 8080 (http)
2020-10-26 15:26:29.194 logback [main] INFO  o.a.coyote.http11.Http11NioProtocol - Initializing ProtocolHandler ["http-nio-8080"]
2020-10-26 15:26:29.239 logback [main] INFO  o.a.catalina.core.StandardService - Starting service [Tomcat]
2020-10-26 15:26:29.240 logback [main] INFO  o.a.catalina.core.StandardEngine - Starting Servlet engine: [Apache Tomcat/9.0.19]
2020-10-26 15:26:29.486 logback [main] INFO  o.a.c.c.C.[Tomcat].[localhost].[/] - Initializing Spring embedded WebApplicationContext
2020-10-26 15:26:29.487 logback [main] INFO  o.s.web.context.ContextLoader - Root WebApplicationContext: initialization completed in 4549 ms
2020-10-26 15:26:29.820 logback [main] INFO  com.zaxxer.hikari.HikariDataSource - HikariPool-1 - Starting...
2020-10-26 15:26:30.094 logback [main] INFO  com.zaxxer.hikari.HikariDataSource - HikariPool-1 - Start completed.
2020-10-26 15:26:30.175 logback [main] INFO  o.h.jpa.internal.util.LogHelper - HHH000204: Processing PersistenceUnitInfo [
	name: default
	...]
2020-10-26 15:26:30.317 logback [main] INFO  org.hibernate.Version - HHH000412: Hibernate Core {5.3.10.Final}
2020-10-26 15:26:30.319 logback [main] INFO  org.hibernate.cfg.Environment - HHH000206: hibernate.properties not found
2020-10-26 15:26:30.525 logback [main] INFO  o.h.annotations.common.Version - HCANN000001: Hibernate Commons Annotations {5.0.4.Final}
2020-10-26 15:26:30.723 logback [main] INFO  org.hibernate.dialect.Dialect - HHH000400: Using dialect: org.hibernate.dialect.H2Dialect
2020-10-26 15:26:32.159 logback [main] INFO  o.s.o.j.LocalContainerEntityManagerFactoryBean - Initialized JPA EntityManagerFactory for persistence unit 'default'
2020-10-26 15:26:34.543 logback [main] INFO  o.s.s.c.ThreadPoolTaskExecutor - Initializing ExecutorService 'applicationTaskExecutor'
2020-10-26 15:26:34.611 logback [main] WARN  o.s.b.a.o.j.JpaBaseConfiguration$JpaWebConfiguration$JpaWebMvcConfiguration - spring.jpa.open-in-view is enabled by default. Therefore, database queries may be performed during view rendering. Explicitly configure spring.jpa.open-in-view to disable this warning
2020-10-26 15:26:34.952 logback [main] INFO  o.a.coyote.http11.Http11NioProtocol - Starting ProtocolHandler ["http-nio-8080"]
2020-10-26 15:26:34.993 logback [main] INFO  o.s.b.w.e.tomcat.TomcatWebServer - Tomcat started on port(s): 8080 (http) with context path ''
2020-10-26 15:26:34.996 logback [main] INFO  c.example.demo.EcommerceApplication - Started EcommerceApplication in 11.841 seconds (JVM running for 13.295)
2020-10-26 15:34:40.667 logback [Thread-3] INFO  o.s.s.c.ThreadPoolTaskExecutor - Shutting down ExecutorService 'applicationTaskExecutor'
2020-10-26 15:34:40.676 logback [Thread-3] INFO  o.s.o.j.LocalContainerEntityManagerFactoryBean - Closing JPA EntityManagerFactory for persistence unit 'default'
2020-10-26 15:34:40.680 logback [Thread-3] INFO  com.zaxxer.hikari.HikariDataSource - HikariPool-1 - Shutdown initiated...
2020-10-26 15:34:40.687 logback [Thread-3] INFO  com.zaxxer.hikari.HikariDataSource - HikariPool-1 - Shutdown completed.
2020-10-26 15:34:56.823 logback [main] INFO  c.example.demo.EcommerceApplication - Starting EcommerceApplication on dell-paula with PID 43821 (started by paula in /home/paula/Documents/Java/Udacity/securityAndDevOps/Project/Ecommerce-Aplication---Udacity)
2020-10-26 15:34:56.831 logback [main] INFO  c.example.demo.EcommerceApplication - No active profile set, falling back to default profiles: default
2020-10-26 15:34:58.761 logback [main] INFO  o.s.d.r.c.RepositoryConfigurationDelegate - Bootstrapping Spring Data repositories in DEFAULT mode.
2020-10-26 15:34:58.911 logback [main] INFO  o.s.d.r.c.RepositoryConfigurationDelegate - Finished Spring Data repository scanning in 131ms. Found 4 repository interfaces.
2020-10-26 15:34:59.887 logback [main] INFO  o.s.c.s.PostProcessorRegistrationDelegate$BeanPostProcessorChecker - Bean 'org.springframework.transaction.annotation.ProxyTransactionManagementConfiguration' of type [org.springframework.transaction.annotation.ProxyTransactionManagementConfiguration$$EnhancerBySpringCGLIB$$dbc896b8] is not eligible for getting processed by all BeanPostProcessors (for example: not eligible for auto-proxying)
2020-10-26 15:35:00.441 logback [main] INFO  o.s.b.w.e.tomcat.TomcatWebServer - Tomcat initialized with port(s): 8080 (http)
2020-10-26 15:35:00.472 logback [main] INFO  o.a.coyote.http11.Http11NioProtocol - Initializing ProtocolHandler ["http-nio-8080"]
2020-10-26 15:35:00.513 logback [main] INFO  o.a.catalina.core.StandardService - Starting service [Tomcat]
2020-10-26 15:35:00.514 logback [main] INFO  o.a.catalina.core.StandardEngine - Starting Servlet engine: [Apache Tomcat/9.0.19]
2020-10-26 15:35:00.739 logback [main] INFO  o.a.c.c.C.[Tomcat].[localhost].[/] - Initializing Spring embedded WebApplicationContext
2020-10-26 15:35:00.740 logback [main] INFO  o.s.web.context.ContextLoader - Root WebApplicationContext: initialization completed in 3608 ms
2020-10-26 15:35:01.072 logback [main] INFO  com.zaxxer.hikari.HikariDataSource - HikariPool-1 - Starting...
2020-10-26 15:35:01.340 logback [main] INFO  com.zaxxer.hikari.HikariDataSource - HikariPool-1 - Start completed.
2020-10-26 15:35:01.465 logback [main] INFO  o.h.jpa.internal.util.LogHelper - HHH000204: Processing PersistenceUnitInfo [
	name: default
	...]
2020-10-26 15:35:01.607 logback [main] INFO  org.hibernate.Version - HHH000412: Hibernate Core {5.3.10.Final}
2020-10-26 15:35:01.610 logback [main] INFO  org.hibernate.cfg.Environment - HHH000206: hibernate.properties not found
2020-10-26 15:35:01.836 logback [main] INFO  o.h.annotations.common.Version - HCANN000001: Hibernate Commons Annotations {5.0.4.Final}
2020-10-26 15:35:02.094 logback [main] INFO  org.hibernate.dialect.Dialect - HHH000400: Using dialect: org.hibernate.dialect.H2Dialect
2020-10-26 15:35:03.466 logback [main] INFO  o.s.o.j.LocalContainerEntityManagerFactoryBean - Initialized JPA EntityManagerFactory for persistence unit 'default'
2020-10-26 15:35:05.979 logback [main] INFO  o.s.s.c.ThreadPoolTaskExecutor - Initializing ExecutorService 'applicationTaskExecutor'
2020-10-26 15:35:06.051 logback [main] WARN  o.s.b.a.o.j.JpaBaseConfiguration$JpaWebConfiguration$JpaWebMvcConfiguration - spring.jpa.open-in-view is enabled by default. Therefore, database queries may be performed during view rendering. Explicitly configure spring.jpa.open-in-view to disable this warning
2020-10-26 15:35:06.446 logback [main] INFO  o.a.coyote.http11.Http11NioProtocol - Starting ProtocolHandler ["http-nio-8080"]
2020-10-26 15:35:06.505 logback [main] INFO  o.s.b.w.e.tomcat.TomcatWebServer - Tomcat started on port(s): 8080 (http) with context path ''
2020-10-26 15:35:06.509 logback [main] INFO  c.example.demo.EcommerceApplication - Started EcommerceApplication in 11.439 seconds (JVM running for 12.872)
2020-10-26 15:35:54.415 logback [Thread-3] INFO  o.s.s.c.ThreadPoolTaskExecutor - Shutting down ExecutorService 'applicationTaskExecutor'
2020-10-26 15:35:54.419 logback [Thread-3] INFO  o.s.o.j.LocalContainerEntityManagerFactoryBean - Closing JPA EntityManagerFactory for persistence unit 'default'
2020-10-26 15:35:54.426 logback [Thread-3] INFO  com.zaxxer.hikari.HikariDataSource - HikariPool-1 - Shutdown initiated...
2020-10-26 15:35:54.432 logback [Thread-3] INFO  com.zaxxer.hikari.HikariDataSource - HikariPool-1 - Shutdown completed.
2020-10-26 15:36:00.282 logback [main] INFO  c.example.demo.EcommerceApplication - Starting EcommerceApplication on dell-paula with PID 44004 (started by paula in /home/paula/Documents/Java/Udacity/securityAndDevOps/Project/Ecommerce-Aplication---Udacity)
2020-10-26 15:36:00.309 logback [main] INFO  c.example.demo.EcommerceApplication - No active profile set, falling back to default profiles: default
2020-10-26 15:36:02.468 logback [main] INFO  o.s.d.r.c.RepositoryConfigurationDelegate - Bootstrapping Spring Data repositories in DEFAULT mode.
2020-10-26 15:36:02.636 logback [main] INFO  o.s.d.r.c.RepositoryConfigurationDelegate - Finished Spring Data repository scanning in 147ms. Found 4 repository interfaces.
2020-10-26 15:36:03.932 logback [main] INFO  o.s.c.s.PostProcessorRegistrationDelegate$BeanPostProcessorChecker - Bean 'org.springframework.transaction.annotation.ProxyTransactionManagementConfiguration' of type [org.springframework.transaction.annotation.ProxyTransactionManagementConfiguration$$EnhancerBySpringCGLIB$$63d16307] is not eligible for getting processed by all BeanPostProcessors (for example: not eligible for auto-proxying)
2020-10-26 15:36:04.642 logback [main] INFO  o.s.b.w.e.tomcat.TomcatWebServer - Tomcat initialized with port(s): 8080 (http)
2020-10-26 15:36:04.679 logback [main] INFO  o.a.coyote.http11.Http11NioProtocol - Initializing ProtocolHandler ["http-nio-8080"]
2020-10-26 15:36:04.718 logback [main] INFO  o.a.catalina.core.StandardService - Starting service [Tomcat]
2020-10-26 15:36:04.719 logback [main] INFO  o.a.catalina.core.StandardEngine - Starting Servlet engine: [Apache Tomcat/9.0.19]
2020-10-26 15:36:05.005 logback [main] INFO  o.a.c.c.C.[Tomcat].[localhost].[/] - Initializing Spring embedded WebApplicationContext
2020-10-26 15:36:05.006 logback [main] INFO  o.s.web.context.ContextLoader - Root WebApplicationContext: initialization completed in 4445 ms
2020-10-26 15:36:05.442 logback [main] INFO  com.zaxxer.hikari.HikariDataSource - HikariPool-1 - Starting...
2020-10-26 15:36:05.818 logback [main] INFO  com.zaxxer.hikari.HikariDataSource - HikariPool-1 - Start completed.
2020-10-26 15:36:05.959 logback [main] INFO  o.h.jpa.internal.util.LogHelper - HHH000204: Processing PersistenceUnitInfo [
	name: default
	...]
2020-10-26 15:36:06.134 logback [main] INFO  org.hibernate.Version - HHH000412: Hibernate Core {5.3.10.Final}
2020-10-26 15:36:06.137 logback [main] INFO  org.hibernate.cfg.Environment - HHH000206: hibernate.properties not found
2020-10-26 15:36:06.413 logback [main] INFO  o.h.annotations.common.Version - HCANN000001: Hibernate Commons Annotations {5.0.4.Final}
2020-10-26 15:36:06.689 logback [main] INFO  org.hibernate.dialect.Dialect - HHH000400: Using dialect: org.hibernate.dialect.H2Dialect
2020-10-26 15:36:08.369 logback [main] INFO  o.s.o.j.LocalContainerEntityManagerFactoryBean - Initialized JPA EntityManagerFactory for persistence unit 'default'
2020-10-26 15:36:11.635 logback [main] INFO  o.s.s.c.ThreadPoolTaskExecutor - Initializing ExecutorService 'applicationTaskExecutor'
2020-10-26 15:36:11.734 logback [main] WARN  o.s.b.a.o.j.JpaBaseConfiguration$JpaWebConfiguration$JpaWebMvcConfiguration - spring.jpa.open-in-view is enabled by default. Therefore, database queries may be performed during view rendering. Explicitly configure spring.jpa.open-in-view to disable this warning
2020-10-26 15:36:12.276 logback [main] INFO  o.a.coyote.http11.Http11NioProtocol - Starting ProtocolHandler ["http-nio-8080"]
2020-10-26 15:36:12.352 logback [main] INFO  o.s.b.w.e.tomcat.TomcatWebServer - Tomcat started on port(s): 8080 (http) with context path ''
2020-10-26 15:36:12.361 logback [main] INFO  c.example.demo.EcommerceApplication - Started EcommerceApplication in 13.803 seconds (JVM running for 15.293)
2020-10-26 15:46:39.570 logback [Thread-3] INFO  o.s.s.c.ThreadPoolTaskExecutor - Shutting down ExecutorService 'applicationTaskExecutor'
2020-10-26 15:46:39.574 logback [Thread-3] INFO  o.s.o.j.LocalContainerEntityManagerFactoryBean - Closing JPA EntityManagerFactory for persistence unit 'default'
2020-10-26 15:46:39.579 logback [Thread-3] INFO  com.zaxxer.hikari.HikariDataSource - HikariPool-1 - Shutdown initiated...
2020-10-26 15:46:39.600 logback [Thread-3] INFO  com.zaxxer.hikari.HikariDataSource - HikariPool-1 - Shutdown completed.
2020-10-26 15:46:45.152 logback [main] INFO  c.example.demo.EcommerceApplication - Starting EcommerceApplication on dell-paula with PID 45003 (started by paula in /home/paula/Documents/Java/Udacity/securityAndDevOps/Project/Ecommerce-Aplication---Udacity)
2020-10-26 15:46:45.159 logback [main] INFO  c.example.demo.EcommerceApplication - No active profile set, falling back to default profiles: default
2020-10-26 15:46:47.469 logback [main] INFO  o.s.d.r.c.RepositoryConfigurationDelegate - Bootstrapping Spring Data repositories in DEFAULT mode.
2020-10-26 15:46:47.619 logback [main] INFO  o.s.d.r.c.RepositoryConfigurationDelegate - Finished Spring Data repository scanning in 135ms. Found 4 repository interfaces.
2020-10-26 15:46:48.783 logback [main] INFO  o.s.c.s.PostProcessorRegistrationDelegate$BeanPostProcessorChecker - Bean 'org.springframework.transaction.annotation.ProxyTransactionManagementConfiguration' of type [org.springframework.transaction.annotation.ProxyTransactionManagementConfiguration$$EnhancerBySpringCGLIB$$ce7c6be6] is not eligible for getting processed by all BeanPostProcessors (for example: not eligible for auto-proxying)
2020-10-26 15:46:49.440 logback [main] INFO  o.s.b.w.e.tomcat.TomcatWebServer - Tomcat initialized with port(s): 8080 (http)
2020-10-26 15:46:49.470 logback [main] INFO  o.a.coyote.http11.Http11NioProtocol - Initializing ProtocolHandler ["http-nio-8080"]
2020-10-26 15:46:49.505 logback [main] INFO  o.a.catalina.core.StandardService - Starting service [Tomcat]
2020-10-26 15:46:49.506 logback [main] INFO  o.a.catalina.core.StandardEngine - Starting Servlet engine: [Apache Tomcat/9.0.19]
2020-10-26 15:46:49.779 logback [main] INFO  o.a.c.c.C.[Tomcat].[localhost].[/] - Initializing Spring embedded WebApplicationContext
2020-10-26 15:46:49.780 logback [main] INFO  o.s.web.context.ContextLoader - Root WebApplicationContext: initialization completed in 4333 ms
2020-10-26 15:46:50.222 logback [main] INFO  com.zaxxer.hikari.HikariDataSource - HikariPool-1 - Starting...
2020-10-26 15:46:50.603 logback [main] INFO  com.zaxxer.hikari.HikariDataSource - HikariPool-1 - Start completed.
2020-10-26 15:46:50.701 logback [main] INFO  o.h.jpa.internal.util.LogHelper - HHH000204: Processing PersistenceUnitInfo [
	name: default
	...]
2020-10-26 15:46:50.860 logback [main] INFO  org.hibernate.Version - HHH000412: Hibernate Core {5.3.10.Final}
2020-10-26 15:46:50.863 logback [main] INFO  org.hibernate.cfg.Environment - HHH000206: hibernate.properties not found
2020-10-26 15:46:51.092 logback [main] INFO  o.h.annotations.common.Version - HCANN000001: Hibernate Commons Annotations {5.0.4.Final}
2020-10-26 15:46:51.330 logback [main] INFO  org.hibernate.dialect.Dialect - HHH000400: Using dialect: org.hibernate.dialect.H2Dialect
2020-10-26 15:46:52.853 logback [main] INFO  o.s.o.j.LocalContainerEntityManagerFactoryBean - Initialized JPA EntityManagerFactory for persistence unit 'default'
2020-10-26 15:46:55.833 logback [main] INFO  o.s.s.c.ThreadPoolTaskExecutor - Initializing ExecutorService 'applicationTaskExecutor'
2020-10-26 15:46:55.908 logback [main] WARN  o.s.b.a.o.j.JpaBaseConfiguration$JpaWebConfiguration$JpaWebMvcConfiguration - spring.jpa.open-in-view is enabled by default. Therefore, database queries may be performed during view rendering. Explicitly configure spring.jpa.open-in-view to disable this warning
2020-10-26 15:46:56.358 logback [main] INFO  o.a.coyote.http11.Http11NioProtocol - Starting ProtocolHandler ["http-nio-8080"]
2020-10-26 15:46:56.408 logback [main] INFO  o.s.b.w.e.tomcat.TomcatWebServer - Tomcat started on port(s): 8080 (http) with context path ''
2020-10-26 15:46:56.412 logback [main] INFO  c.example.demo.EcommerceApplication - Started EcommerceApplication in 12.803 seconds (JVM running for 14.074)
2020-10-26 15:49:21.177 logback [Thread-3] INFO  o.s.s.c.ThreadPoolTaskExecutor - Shutting down ExecutorService 'applicationTaskExecutor'
2020-10-26 15:49:21.182 logback [Thread-3] INFO  o.s.o.j.LocalContainerEntityManagerFactoryBean - Closing JPA EntityManagerFactory for persistence unit 'default'
2020-10-26 15:49:21.195 logback [Thread-3] INFO  com.zaxxer.hikari.HikariDataSource - HikariPool-1 - Shutdown initiated...
2020-10-26 15:49:21.202 logback [Thread-3] INFO  com.zaxxer.hikari.HikariDataSource - HikariPool-1 - Shutdown completed.
2020-10-26 15:50:22.195 logback [main] INFO  c.example.demo.EcommerceApplication - Starting EcommerceApplication on dell-paula with PID 45461 (started by paula in /home/paula/Documents/Java/Udacity/securityAndDevOps/Project/Ecommerce-Aplication---Udacity)
2020-10-26 15:50:22.202 logback [main] INFO  c.example.demo.EcommerceApplication - No active profile set, falling back to default profiles: default
2020-10-26 15:50:24.377 logback [main] INFO  o.s.d.r.c.RepositoryConfigurationDelegate - Bootstrapping Spring Data repositories in DEFAULT mode.
2020-10-26 15:50:24.568 logback [main] INFO  o.s.d.r.c.RepositoryConfigurationDelegate - Finished Spring Data repository scanning in 170ms. Found 4 repository interfaces.
2020-10-26 15:50:25.658 logback [main] INFO  o.s.c.s.PostProcessorRegistrationDelegate$BeanPostProcessorChecker - Bean 'org.springframework.transaction.annotation.ProxyTransactionManagementConfiguration' of type [org.springframework.transaction.annotation.ProxyTransactionManagementConfiguration$$EnhancerBySpringCGLIB$$f69b89bb] is not eligible for getting processed by all BeanPostProcessors (for example: not eligible for auto-proxying)
2020-10-26 15:50:26.226 logback [main] INFO  o.s.b.w.e.tomcat.TomcatWebServer - Tomcat initialized with port(s): 8080 (http)
2020-10-26 15:50:26.263 logback [main] INFO  o.a.coyote.http11.Http11NioProtocol - Initializing ProtocolHandler ["http-nio-8080"]
2020-10-26 15:50:26.308 logback [main] INFO  o.a.catalina.core.StandardService - Starting service [Tomcat]
2020-10-26 15:50:26.309 logback [main] INFO  o.a.catalina.core.StandardEngine - Starting Servlet engine: [Apache Tomcat/9.0.19]
2020-10-26 15:50:26.583 logback [main] INFO  o.a.c.c.C.[Tomcat].[localhost].[/] - Initializing Spring embedded WebApplicationContext
2020-10-26 15:50:26.584 logback [main] INFO  o.s.web.context.ContextLoader - Root WebApplicationContext: initialization completed in 4089 ms
2020-10-26 15:50:26.937 logback [main] INFO  com.zaxxer.hikari.HikariDataSource - HikariPool-1 - Starting...
2020-10-26 15:50:27.215 logback [main] INFO  com.zaxxer.hikari.HikariDataSource - HikariPool-1 - Start completed.
2020-10-26 15:50:27.328 logback [main] INFO  o.h.jpa.internal.util.LogHelper - HHH000204: Processing PersistenceUnitInfo [
	name: default
	...]
2020-10-26 15:50:27.418 logback [main] INFO  org.hibernate.Version - HHH000412: Hibernate Core {5.3.10.Final}
2020-10-26 15:50:27.422 logback [main] INFO  org.hibernate.cfg.Environment - HHH000206: hibernate.properties not found
2020-10-26 15:50:27.634 logback [main] INFO  o.h.annotations.common.Version - HCANN000001: Hibernate Commons Annotations {5.0.4.Final}
2020-10-26 15:50:27.829 logback [main] INFO  org.hibernate.dialect.Dialect - HHH000400: Using dialect: org.hibernate.dialect.H2Dialect
2020-10-26 15:50:29.169 logback [main] INFO  o.s.o.j.LocalContainerEntityManagerFactoryBean - Initialized JPA EntityManagerFactory for persistence unit 'default'
2020-10-26 15:50:31.647 logback [main] INFO  o.s.s.c.ThreadPoolTaskExecutor - Initializing ExecutorService 'applicationTaskExecutor'
2020-10-26 15:50:31.719 logback [main] WARN  o.s.b.a.o.j.JpaBaseConfiguration$JpaWebConfiguration$JpaWebMvcConfiguration - spring.jpa.open-in-view is enabled by default. Therefore, database queries may be performed during view rendering. Explicitly configure spring.jpa.open-in-view to disable this warning
2020-10-26 15:50:32.129 logback [main] INFO  o.a.coyote.http11.Http11NioProtocol - Starting ProtocolHandler ["http-nio-8080"]
2020-10-26 15:50:32.175 logback [main] INFO  o.s.b.w.e.tomcat.TomcatWebServer - Tomcat started on port(s): 8080 (http) with context path ''
2020-10-26 15:50:32.180 logback [main] INFO  c.example.demo.EcommerceApplication - Started EcommerceApplication in 11.789 seconds (JVM running for 13.064)
2020-10-26 15:51:52.403 logback [Thread-3] INFO  o.s.s.c.ThreadPoolTaskExecutor - Shutting down ExecutorService 'applicationTaskExecutor'
2020-10-26 15:51:52.407 logback [Thread-3] INFO  o.s.o.j.LocalContainerEntityManagerFactoryBean - Closing JPA EntityManagerFactory for persistence unit 'default'
2020-10-26 15:51:52.411 logback [Thread-3] INFO  com.zaxxer.hikari.HikariDataSource - HikariPool-1 - Shutdown initiated...
2020-10-26 15:51:52.429 logback [Thread-3] INFO  com.zaxxer.hikari.HikariDataSource - HikariPool-1 - Shutdown completed.
2020-10-26 15:52:01.731 logback [main] INFO  c.example.demo.EcommerceApplication - Starting EcommerceApplication on dell-paula with PID 45699 (started by paula in /home/paula/Documents/Java/Udacity/securityAndDevOps/Project/Ecommerce-Aplication---Udacity)
2020-10-26 15:52:01.738 logback [main] INFO  c.example.demo.EcommerceApplication - No active profile set, falling back to default profiles: default
2020-10-26 15:52:03.928 logback [main] INFO  o.s.d.r.c.RepositoryConfigurationDelegate - Bootstrapping Spring Data repositories in DEFAULT mode.
2020-10-26 15:52:04.078 logback [main] INFO  o.s.d.r.c.RepositoryConfigurationDelegate - Finished Spring Data repository scanning in 133ms. Found 4 repository interfaces.
2020-10-26 15:52:05.371 logback [main] INFO  o.s.c.s.PostProcessorRegistrationDelegate$BeanPostProcessorChecker - Bean 'org.springframework.transaction.annotation.ProxyTransactionManagementConfiguration' of type [org.springframework.transaction.annotation.ProxyTransactionManagementConfiguration$$EnhancerBySpringCGLIB$$5b9ad763] is not eligible for getting processed by all BeanPostProcessors (for example: not eligible for auto-proxying)
2020-10-26 15:52:06.052 logback [main] INFO  o.s.b.w.e.tomcat.TomcatWebServer - Tomcat initialized with port(s): 8080 (http)
2020-10-26 15:52:06.085 logback [main] INFO  o.a.coyote.http11.Http11NioProtocol - Initializing ProtocolHandler ["http-nio-8080"]
2020-10-26 15:52:06.131 logback [main] INFO  o.a.catalina.core.StandardService - Starting service [Tomcat]
2020-10-26 15:52:06.132 logback [main] INFO  o.a.catalina.core.StandardEngine - Starting Servlet engine: [Apache Tomcat/9.0.19]
2020-10-26 15:52:06.401 logback [main] INFO  o.a.c.c.C.[Tomcat].[localhost].[/] - Initializing Spring embedded WebApplicationContext
2020-10-26 15:52:06.402 logback [main] INFO  o.s.web.context.ContextLoader - Root WebApplicationContext: initialization completed in 4340 ms
2020-10-26 15:52:06.789 logback [main] INFO  com.zaxxer.hikari.HikariDataSource - HikariPool-1 - Starting...
2020-10-26 15:52:07.140 logback [main] INFO  com.zaxxer.hikari.HikariDataSource - HikariPool-1 - Start completed.
2020-10-26 15:52:07.263 logback [main] INFO  o.h.jpa.internal.util.LogHelper - HHH000204: Processing PersistenceUnitInfo [
	name: default
	...]
2020-10-26 15:52:07.395 logback [main] INFO  org.hibernate.Version - HHH000412: Hibernate Core {5.3.10.Final}
2020-10-26 15:52:07.398 logback [main] INFO  org.hibernate.cfg.Environment - HHH000206: hibernate.properties not found
2020-10-26 15:52:07.672 logback [main] INFO  o.h.annotations.common.Version - HCANN000001: Hibernate Commons Annotations {5.0.4.Final}
2020-10-26 15:52:07.884 logback [main] INFO  org.hibernate.dialect.Dialect - HHH000400: Using dialect: org.hibernate.dialect.H2Dialect
2020-10-26 15:52:09.670 logback [main] INFO  o.s.o.j.LocalContainerEntityManagerFactoryBean - Initialized JPA EntityManagerFactory for persistence unit 'default'
2020-10-26 15:52:11.013 logback [main] INFO  o.s.s.c.ThreadPoolTaskExecutor - Initializing ExecutorService 'applicationTaskExecutor'
2020-10-26 15:52:11.119 logback [main] WARN  o.s.b.a.o.j.JpaBaseConfiguration$JpaWebConfiguration$JpaWebMvcConfiguration - spring.jpa.open-in-view is enabled by default. Therefore, database queries may be performed during view rendering. Explicitly configure spring.jpa.open-in-view to disable this warning
2020-10-26 15:52:11.586 logback [main] INFO  o.a.coyote.http11.Http11NioProtocol - Starting ProtocolHandler ["http-nio-8080"]
2020-10-26 15:52:11.633 logback [main] INFO  o.s.b.w.e.tomcat.TomcatWebServer - Tomcat started on port(s): 8080 (http) with context path ''
2020-10-26 15:52:11.638 logback [main] INFO  c.example.demo.EcommerceApplication - Started EcommerceApplication in 11.873 seconds (JVM running for 13.247)
2020-10-26 15:57:09.287 logback [Thread-3] INFO  o.s.s.c.ThreadPoolTaskExecutor - Shutting down ExecutorService 'applicationTaskExecutor'
2020-10-26 15:57:09.291 logback [Thread-3] INFO  o.s.o.j.LocalContainerEntityManagerFactoryBean - Closing JPA EntityManagerFactory for persistence unit 'default'
2020-10-26 15:57:09.301 logback [Thread-3] INFO  com.zaxxer.hikari.HikariDataSource - HikariPool-1 - Shutdown initiated...
2020-10-26 15:57:09.309 logback [Thread-3] INFO  com.zaxxer.hikari.HikariDataSource - HikariPool-1 - Shutdown completed.
2020-10-26 15:57:15.071 logback [main] INFO  c.example.demo.EcommerceApplication - Starting EcommerceApplication on dell-paula with PID 46420 (started by paula in /home/paula/Documents/Java/Udacity/securityAndDevOps/Project/Ecommerce-Aplication---Udacity)
2020-10-26 15:57:15.086 logback [main] INFO  c.example.demo.EcommerceApplication - No active profile set, falling back to default profiles: default
2020-10-26 15:57:17.305 logback [main] INFO  o.s.d.r.c.RepositoryConfigurationDelegate - Bootstrapping Spring Data repositories in DEFAULT mode.
2020-10-26 15:57:17.477 logback [main] INFO  o.s.d.r.c.RepositoryConfigurationDelegate - Finished Spring Data repository scanning in 143ms. Found 4 repository interfaces.
2020-10-26 15:57:18.719 logback [main] INFO  o.s.c.s.PostProcessorRegistrationDelegate$BeanPostProcessorChecker - Bean 'org.springframework.transaction.annotation.ProxyTransactionManagementConfiguration' of type [org.springframework.transaction.annotation.ProxyTransactionManagementConfiguration$$EnhancerBySpringCGLIB$$d94f756c] is not eligible for getting processed by all BeanPostProcessors (for example: not eligible for auto-proxying)
2020-10-26 15:57:19.417 logback [main] INFO  o.s.b.w.e.tomcat.TomcatWebServer - Tomcat initialized with port(s): 8080 (http)
2020-10-26 15:57:19.452 logback [main] INFO  o.a.coyote.http11.Http11NioProtocol - Initializing ProtocolHandler ["http-nio-8080"]
2020-10-26 15:57:19.498 logback [main] INFO  o.a.catalina.core.StandardService - Starting service [Tomcat]
2020-10-26 15:57:19.499 logback [main] INFO  o.a.catalina.core.StandardEngine - Starting Servlet engine: [Apache Tomcat/9.0.19]
2020-10-26 15:57:19.836 logback [main] INFO  o.a.c.c.C.[Tomcat].[localhost].[/] - Initializing Spring embedded WebApplicationContext
2020-10-26 15:57:19.837 logback [main] INFO  o.s.web.context.ContextLoader - Root WebApplicationContext: initialization completed in 4560 ms
2020-10-26 15:57:20.255 logback [main] INFO  com.zaxxer.hikari.HikariDataSource - HikariPool-1 - Starting...
2020-10-26 15:57:20.591 logback [main] INFO  com.zaxxer.hikari.HikariDataSource - HikariPool-1 - Start completed.
2020-10-26 15:57:20.731 logback [main] INFO  o.h.jpa.internal.util.LogHelper - HHH000204: Processing PersistenceUnitInfo [
	name: default
	...]
2020-10-26 15:57:20.898 logback [main] INFO  org.hibernate.Version - HHH000412: Hibernate Core {5.3.10.Final}
2020-10-26 15:57:20.901 logback [main] INFO  org.hibernate.cfg.Environment - HHH000206: hibernate.properties not found
2020-10-26 15:57:21.178 logback [main] INFO  o.h.annotations.common.Version - HCANN000001: Hibernate Commons Annotations {5.0.4.Final}
2020-10-26 15:57:21.458 logback [main] INFO  org.hibernate.dialect.Dialect - HHH000400: Using dialect: org.hibernate.dialect.H2Dialect
2020-10-26 15:57:23.264 logback [main] INFO  o.s.o.j.LocalContainerEntityManagerFactoryBean - Initialized JPA EntityManagerFactory for persistence unit 'default'
2020-10-26 15:57:24.679 logback [main] INFO  o.s.s.c.ThreadPoolTaskExecutor - Initializing ExecutorService 'applicationTaskExecutor'
2020-10-26 15:57:24.777 logback [main] WARN  o.s.b.a.o.j.JpaBaseConfiguration$JpaWebConfiguration$JpaWebMvcConfiguration - spring.jpa.open-in-view is enabled by default. Therefore, database queries may be performed during view rendering. Explicitly configure spring.jpa.open-in-view to disable this warning
2020-10-26 15:57:25.273 logback [main] INFO  o.a.coyote.http11.Http11NioProtocol - Starting ProtocolHandler ["http-nio-8080"]
2020-10-26 15:57:25.324 logback [main] INFO  o.s.b.w.e.tomcat.TomcatWebServer - Tomcat started on port(s): 8080 (http) with context path ''
2020-10-26 15:57:25.330 logback [main] INFO  c.example.demo.EcommerceApplication - Started EcommerceApplication in 11.906 seconds (JVM running for 13.389)
2020-10-26 15:58:38.804 logback [Thread-3] INFO  o.s.s.c.ThreadPoolTaskExecutor - Shutting down ExecutorService 'applicationTaskExecutor'
2020-10-26 15:58:38.807 logback [Thread-3] INFO  o.s.o.j.LocalContainerEntityManagerFactoryBean - Closing JPA EntityManagerFactory for persistence unit 'default'
2020-10-26 15:58:38.811 logback [Thread-3] INFO  com.zaxxer.hikari.HikariDataSource - HikariPool-1 - Shutdown initiated...
2020-10-26 15:58:38.820 logback [Thread-3] INFO  com.zaxxer.hikari.HikariDataSource - HikariPool-1 - Shutdown completed.
