2020-10-26 20:41:35,598 INFO org.springframework.boot.StartupInfoLogger [main] Starting EcommerceApplication on dell-paula with PID 7305 (started by paula in /home/paula/Documents/Java/Udacity/securityAndDevOps/Project/Ecommerce-Aplication---Udacity)
2020-10-26 20:41:35,617 DEBUG org.springframework.boot.StartupInfoLogger [main] Running with Spring Boot v2.1.5.RELEASE, Spring v5.1.7.RELEASE
2020-10-26 20:41:35,620 INFO org.springframework.boot.SpringApplication [main] No active profile set, falling back to default profiles: default
2020-10-26 20:41:37,366 INFO org.springframework.data.repository.config.RepositoryConfigurationDelegate [main] Bootstrapping Spring Data repositories in DEFAULT mode.
2020-10-26 20:41:37,518 INFO org.springframework.data.repository.config.RepositoryConfigurationDelegate [main] Finished Spring Data repository scanning in 132ms. Found 4 repository interfaces.
2020-10-26 20:41:38,579 INFO org.springframework.context.support.PostProcessorRegistrationDelegate$BeanPostProcessorChecker [main] Bean 'org.springframework.transaction.annotation.ProxyTransactionManagementConfiguration' of type [org.springframework.transaction.annotation.ProxyTransactionManagementConfiguration$$EnhancerBySpringCGLIB$$7c267930] is not eligible for getting processed by all BeanPostProcessors (for example: not eligible for auto-proxying)
2020-10-26 20:41:39,202 INFO org.springframework.boot.web.embedded.tomcat.TomcatWebServer [main] Tomcat initialized with port(s): 8080 (http)
2020-10-26 20:41:39,235 INFO org.apache.juli.logging.DirectJDKLog [main] Initializing ProtocolHandler ["http-nio-8080"]
2020-10-26 20:41:39,269 INFO org.apache.juli.logging.DirectJDKLog [main] Starting service [Tomcat]
2020-10-26 20:41:39,270 INFO org.apache.juli.logging.DirectJDKLog [main] Starting Servlet engine: [Apache Tomcat/9.0.19]
2020-10-26 20:41:39,529 INFO org.apache.juli.logging.DirectJDKLog [main] Initializing Spring embedded WebApplicationContext
2020-10-26 20:41:39,530 INFO org.springframework.boot.web.servlet.context.ServletWebServerApplicationContext [main] Root WebApplicationContext: initialization completed in 3640 ms
2020-10-26 20:41:39,912 INFO com.zaxxer.hikari.HikariDataSource [main] HikariPool-1 - Starting...
2020-10-26 20:41:40,286 INFO com.zaxxer.hikari.HikariDataSource [main] HikariPool-1 - Start completed.
2020-10-26 20:41:40,411 INFO org.hibernate.jpa.internal.util.LogHelper [main] HHH000204: Processing PersistenceUnitInfo [
	name: default
	...]
2020-10-26 20:41:40,568 INFO org.hibernate.Version [main] HHH000412: Hibernate Core {5.3.10.Final}
2020-10-26 20:41:40,571 INFO org.hibernate.cfg.Environment [main] HHH000206: hibernate.properties not found
2020-10-26 20:41:40,789 INFO org.hibernate.annotations.common.reflection.java.JavaReflectionManager [main] HCANN000001: Hibernate Commons Annotations {5.0.4.Final}
2020-10-26 20:41:41,082 INFO org.hibernate.dialect.Dialect [main] HHH000400: Using dialect: org.hibernate.dialect.H2Dialect
2020-10-26 20:41:42,401 INFO org.springframework.orm.jpa.AbstractEntityManagerFactoryBean [main] Initialized JPA EntityManagerFactory for persistence unit 'default'
2020-10-26 20:41:43,548 INFO org.springframework.scheduling.concurrent.ExecutorConfigurationSupport [main] Initializing ExecutorService 'applicationTaskExecutor'
2020-10-26 20:41:43,620 WARN org.springframework.boot.autoconfigure.orm.jpa.JpaBaseConfiguration$JpaWebConfiguration$JpaWebMvcConfiguration [main] spring.jpa.open-in-view is enabled by default. Therefore, database queries may be performed during view rendering. Explicitly configure spring.jpa.open-in-view to disable this warning
2020-10-26 20:41:44,014 INFO org.apache.juli.logging.DirectJDKLog [main] Starting ProtocolHandler ["http-nio-8080"]
2020-10-26 20:41:44,049 INFO org.springframework.boot.web.embedded.tomcat.TomcatWebServer [main] Tomcat started on port(s): 8080 (http) with context path ''
2020-10-26 20:41:44,054 INFO org.springframework.boot.StartupInfoLogger [main] Started EcommerceApplication in 10.336 seconds (JVM running for 11.846)
2020-10-26 20:53:18,880 INFO org.springframework.scheduling.concurrent.ExecutorConfigurationSupport [Thread-3] Shutting down ExecutorService 'applicationTaskExecutor'
2020-10-26 20:53:18,885 INFO org.springframework.orm.jpa.AbstractEntityManagerFactoryBean [Thread-3] Closing JPA EntityManagerFactory for persistence unit 'default'
2020-10-26 20:53:18,890 INFO com.zaxxer.hikari.HikariDataSource [Thread-3] HikariPool-1 - Shutdown initiated...
2020-10-26 20:53:18,909 INFO com.zaxxer.hikari.HikariDataSource [Thread-3] HikariPool-1 - Shutdown completed.
2020-10-26 20:53:25,007 INFO org.springframework.boot.StartupInfoLogger [main] Starting EcommerceApplication on dell-paula with PID 8565 (started by paula in /home/paula/Documents/Java/Udacity/securityAndDevOps/Project/Ecommerce-Aplication---Udacity)
2020-10-26 20:53:25,024 DEBUG org.springframework.boot.StartupInfoLogger [main] Running with Spring Boot v2.1.5.RELEASE, Spring v5.1.7.RELEASE
2020-10-26 20:53:25,035 INFO org.springframework.boot.SpringApplication [main] No active profile set, falling back to default profiles: default
2020-10-26 20:53:27,347 INFO org.springframework.data.repository.config.RepositoryConfigurationDelegate [main] Bootstrapping Spring Data repositories in DEFAULT mode.
2020-10-26 20:53:27,510 INFO org.springframework.data.repository.config.RepositoryConfigurationDelegate [main] Finished Spring Data repository scanning in 139ms. Found 4 repository interfaces.
2020-10-26 20:53:28,762 INFO org.springframework.context.support.PostProcessorRegistrationDelegate$BeanPostProcessorChecker [main] Bean 'org.springframework.transaction.annotation.ProxyTransactionManagementConfiguration' of type [org.springframework.transaction.annotation.ProxyTransactionManagementConfiguration$$EnhancerBySpringCGLIB$$bc9eea50] is not eligible for getting processed by all BeanPostProcessors (for example: not eligible for auto-proxying)
2020-10-26 20:53:29,459 INFO org.springframework.boot.web.embedded.tomcat.TomcatWebServer [main] Tomcat initialized with port(s): 8080 (http)
2020-10-26 20:53:29,492 INFO org.apache.juli.logging.DirectJDKLog [main] Initializing ProtocolHandler ["http-nio-8080"]
2020-10-26 20:53:29,531 INFO org.apache.juli.logging.DirectJDKLog [main] Starting service [Tomcat]
2020-10-26 20:53:29,532 INFO org.apache.juli.logging.DirectJDKLog [main] Starting Servlet engine: [Apache Tomcat/9.0.19]
2020-10-26 20:53:29,807 INFO org.apache.juli.logging.DirectJDKLog [main] Initializing Spring embedded WebApplicationContext
2020-10-26 20:53:29,808 INFO org.springframework.boot.web.servlet.context.ServletWebServerApplicationContext [main] Root WebApplicationContext: initialization completed in 4423 ms
2020-10-26 20:53:30,233 INFO com.zaxxer.hikari.HikariDataSource [main] HikariPool-1 - Starting...
2020-10-26 20:53:30,576 INFO com.zaxxer.hikari.HikariDataSource [main] HikariPool-1 - Start completed.
2020-10-26 20:53:30,702 INFO org.hibernate.jpa.internal.util.LogHelper [main] HHH000204: Processing PersistenceUnitInfo [
	name: default
	...]
2020-10-26 20:53:30,820 INFO org.hibernate.Version [main] HHH000412: Hibernate Core {5.3.10.Final}
2020-10-26 20:53:30,828 INFO org.hibernate.cfg.Environment [main] HHH000206: hibernate.properties not found
2020-10-26 20:53:31,110 INFO org.hibernate.annotations.common.reflection.java.JavaReflectionManager [main] HCANN000001: Hibernate Commons Annotations {5.0.4.Final}
2020-10-26 20:53:31,321 INFO org.hibernate.dialect.Dialect [main] HHH000400: Using dialect: org.hibernate.dialect.H2Dialect
2020-10-26 20:53:33,182 INFO org.springframework.orm.jpa.AbstractEntityManagerFactoryBean [main] Initialized JPA EntityManagerFactory for persistence unit 'default'
2020-10-26 20:53:36,249 INFO org.springframework.scheduling.concurrent.ExecutorConfigurationSupport [main] Initializing ExecutorService 'applicationTaskExecutor'
2020-10-26 20:53:36,330 WARN org.springframework.boot.autoconfigure.orm.jpa.JpaBaseConfiguration$JpaWebConfiguration$JpaWebMvcConfiguration [main] spring.jpa.open-in-view is enabled by default. Therefore, database queries may be performed during view rendering. Explicitly configure spring.jpa.open-in-view to disable this warning
2020-10-26 20:53:36,853 INFO org.apache.juli.logging.DirectJDKLog [main] Starting ProtocolHandler ["http-nio-8080"]
2020-10-26 20:53:36,907 INFO org.springframework.boot.web.embedded.tomcat.TomcatWebServer [main] Tomcat started on port(s): 8080 (http) with context path ''
2020-10-26 20:53:36,912 INFO org.springframework.boot.StartupInfoLogger [main] Started EcommerceApplication in 13.549 seconds (JVM running for 14.758)
2020-10-26 21:00:52,341 INFO org.springframework.scheduling.concurrent.ExecutorConfigurationSupport [Thread-3] Shutting down ExecutorService 'applicationTaskExecutor'
2020-10-26 21:00:52,346 INFO org.springframework.orm.jpa.AbstractEntityManagerFactoryBean [Thread-3] Closing JPA EntityManagerFactory for persistence unit 'default'
2020-10-26 21:00:52,354 INFO com.zaxxer.hikari.HikariDataSource [Thread-3] HikariPool-1 - Shutdown initiated...
2020-10-26 21:00:52,360 INFO com.zaxxer.hikari.HikariDataSource [Thread-3] HikariPool-1 - Shutdown completed.
